<?xml version="1.0" encoding="UTF-8"?>
<!-- Generated by org.testng.reporters.JUnitReportReporter -->
<testsuite hostname="DESKTOP-OJK1NBL" failures="0" tests="1" name="Automatewebpage" time="2.028" errors="0" timestamp="2021-09-09T12:46:05 IST" skipped="0">
  <testcase classname="Automatewebpage" name="automate" time="2.028"/>
  <system-out/>
</testsuite> <!-- Automatewebpage -->
